<?xml version="1.0" encoding="UTF-8"?>
<testng-results ignored="0" total="3" passed="3" failed="0" skipped="0">
  <reporter-output>
    <line>
      <![CDATA[hello pythonselenium]]>
    </line>
    <line>
      <![CDATA[hello java]]>
    </line>
    <line>
      <![CDATA[hello javaselenium]]>
    </line>
  </reporter-output>
  <suite started-at="2023-03-26T13:38:31 IST" name="Suite" finished-at="2023-03-26T13:38:32 IST" duration-ms="80">
    <groups>
    </groups>
    <test started-at="2023-03-26T13:38:31 IST" name="Test" finished-at="2023-03-26T13:38:32 IST" duration-ms="80">
      <class name="Scripts.tc1">
        <test-method signature="test1()[pri:0, instance:Scripts.tc1@101952da]" started-at="2023-03-26T13:38:32 IST" name="test1" finished-at="2023-03-26T13:38:32 IST" duration-ms="1" status="PASS">
          <reporter-output>
            <line>
              <![CDATA[hello java]]>
            </line>
          </reporter-output>
        </test-method> <!-- test1 -->
      </class> <!-- Scripts.tc1 -->
      <class name="Scripts.tc2">
        <test-method signature="test2()[pri:0, instance:Scripts.tc2@6babf3bf]" started-at="2023-03-26T13:38:32 IST" name="test2" finished-at="2023-03-26T13:38:32 IST" duration-ms="1" status="PASS">
          <reporter-output>
            <line>
              <![CDATA[hello javaselenium]]>
            </line>
          </reporter-output>
        </test-method> <!-- test2 -->
      </class> <!-- Scripts.tc2 -->
      <class name="Scripts.tc3">
        <test-method signature="test3()[pri:0, instance:Scripts.tc3@1b6e1eff]" started-at="2023-03-26T13:38:31 IST" name="test3" finished-at="2023-03-26T13:38:32 IST" duration-ms="11" status="PASS">
          <reporter-output>
            <line>
              <![CDATA[hello pythonselenium]]>
            </line>
          </reporter-output>
        </test-method> <!-- test3 -->
      </class> <!-- Scripts.tc3 -->
    </test> <!-- Test -->
  </suite> <!-- Suite -->
</testng-results>
